{
  "stats": {
    "suites": 13,
    "tests": 17,
    "passes": 17,
    "pending": 0,
    "failures": 0,
    "start": "2018-09-22T16:20:05.986Z",
    "end": "2018-09-22T16:20:06.010Z",
    "duration": 24,
    "testsRegistered": 17,
    "passPercent": 100,
    "pendingPercent": 0,
    "other": 0,
    "hasOther": false,
    "skipped": 0,
    "hasSkipped": false,
    "passPercentClass": "success",
    "pendingPercentClass": "danger"
  },
  "suites": {
    "uuid": "9c18fd08-74ce-47f1-ab33-b5a311806c50",
    "title": "",
    "fullFile": "",
    "file": "",
    "beforeHooks": [],
    "afterHooks": [],
    "tests": [],
    "suites": [
      {
        "uuid": "0588b439-3d78-4657-9ef0-5a8c7bc400ea",
        "title": "CallBack and High Order Functions",
        "fullFile": "/Users/derese/Documents/webprojects/study/javaScriptTheHardParts/test/test.js",
        "file": "/test/test.js",
        "beforeHooks": [],
        "afterHooks": [],
        "tests": [],
        "suites": [
          {
            "uuid": "0093e828-538b-4c90-8299-201135f61342",
            "title": "Challange 1: function addTwo accepts one input and adds 2 to it.",
            "fullFile": "/Users/derese/Documents/webprojects/study/javaScriptTheHardParts/test/test.js",
            "file": "/test/test.js",
            "beforeHooks": [],
            "afterHooks": [],
            "tests": [
              {
                "title": "expect 2+1 = 3",
                "fullTitle": "CallBack and High Order Functions Challange 1: function addTwo accepts one input and adds 2 to it. expect 2+1 = 3",
                "timedOut": false,
                "duration": 1,
                "state": "passed",
                "speed": "fast",
                "pass": true,
                "fail": false,
                "pending": false,
                "code": "//Arrange\nvar param = 1;\nvar sum = param + 2; //ACT\nvar result = (0, _callBackAndHighOrderFunctions.addTwo)(param); //ASSERT\nexpect(result).to.be.equal(4);",
                "err": {},
                "isRoot": false,
                "uuid": "98d3be4b-1416-44fc-950c-79de8ecad4b3",
                "isHook": false,
                "skipped": false
              }
            ],
            "suites": [],
            "passes": [
              "98d3be4b-1416-44fc-950c-79de8ecad4b3"
            ],
            "failures": [],
            "pending": [],
            "skipped": [],
            "duration": 1,
            "root": false,
            "rootEmpty": false,
            "_timeout": 2000
          },
          {
            "uuid": "0968cf16-5636-4bb2-b7d9-826be89f16dd",
            "title": "Challange 2: a function addS that accepts one input and adds an 'S' to it.",
            "fullFile": "/Users/derese/Documents/webprojects/study/javaScriptTheHardParts/test/test.js",
            "file": "/test/test.js",
            "beforeHooks": [],
            "afterHooks": [],
            "tests": [
              {
                "title": "pizza should be pizzas",
                "fullTitle": "CallBack and High Order Functions Challange 2: a function addS that accepts one input and adds an 'S' to it. pizza should be pizzas",
                "timedOut": false,
                "duration": 0,
                "state": "passed",
                "speed": "fast",
                "pass": true,
                "fail": false,
                "pending": false,
                "code": "//Arrange\nvar initial = \"pizza\"; //Act\nvar result = (0, _callBackAndHighOrderFunctions.addS)(initial); //ASSERT\nexpect(result).to.equal('pizzas');",
                "err": {},
                "isRoot": false,
                "uuid": "3e030ddd-cabc-4e3a-aa93-63d3f5ff515a",
                "isHook": false,
                "skipped": false
              }
            ],
            "suites": [],
            "passes": [
              "3e030ddd-cabc-4e3a-aa93-63d3f5ff515a"
            ],
            "failures": [],
            "pending": [],
            "skipped": [],
            "duration": 0,
            "root": false,
            "rootEmpty": false,
            "_timeout": 2000
          },
          {
            "uuid": "57c96d40-04c7-47b8-9e62-76565d84156b",
            "title": "Challange 3: a function called map takes an array of numbers and\n            a callback function which is applied to each element of the array.\n            map returns a new array with the result of using the callback on each element",
            "fullFile": "/Users/derese/Documents/webprojects/study/javaScriptTheHardParts/test/test.js",
            "file": "/test/test.js",
            "beforeHooks": [],
            "afterHooks": [],
            "tests": [
              {
                "title": "returned array is a new array",
                "fullTitle": "CallBack and High Order Functions Challange 3: a function called map takes an array of numbers and\n            a callback function which is applied to each element of the array.\n            map returns a new array with the result of using the callback on each element returned array is a new array",
                "timedOut": false,
                "duration": 0,
                "state": "passed",
                "speed": "fast",
                "pass": true,
                "fail": false,
                "pending": false,
                "code": "//Arrange\nvar param1 = [];\nvar multiplyBy2 = function multiplyBy2(num) {\n  return num * 2;\n}; //ACT\n\nvar result = (0, _callBackAndHighOrderFunctions.map)(param1, multiplyBy2); //ASSERT\nexpect(result).to.not.equal(param1);",
                "err": {},
                "isRoot": false,
                "uuid": "e1aea3ca-aeae-49dc-a349-0e1c9119c53c",
                "isHook": false,
                "skipped": false
              },
              {
                "title": "input of [1,2,3,4,5] should be [2,4,6,8,10] when the callback is multiplyByTwo",
                "fullTitle": "CallBack and High Order Functions Challange 3: a function called map takes an array of numbers and\n            a callback function which is applied to each element of the array.\n            map returns a new array with the result of using the callback on each element input of [1,2,3,4,5] should be [2,4,6,8,10] when the callback is multiplyByTwo",
                "timedOut": false,
                "duration": 1,
                "state": "passed",
                "speed": "fast",
                "pass": true,
                "fail": false,
                "pending": false,
                "code": "//Arrange\nvar param = [1, 2, 3, 4, 5];\nvar multiplyBy2 = function multiplyBy2(num) {\n  return num * 2;\n}; //ACT\n\nvar result = (0, _callBackAndHighOrderFunctions.map)(param, multiplyBy2); //ASSERT\nexpect(result).to.be.eql([2, 4, 6, 8, 10]);",
                "err": {},
                "isRoot": false,
                "uuid": "e84d5e99-90c1-44df-b96b-fd5a207dbe03",
                "isHook": false,
                "skipped": false
              }
            ],
            "suites": [],
            "passes": [
              "e1aea3ca-aeae-49dc-a349-0e1c9119c53c",
              "e84d5e99-90c1-44df-b96b-fd5a207dbe03"
            ],
            "failures": [],
            "pending": [],
            "skipped": [],
            "duration": 1,
            "root": false,
            "rootEmpty": false,
            "_timeout": 2000
          },
          {
            "uuid": "b3eca80e-ed9b-4649-a9b7-39ba67ff5fc9",
            "title": "Challange 4:The function forEach takes an array and a callback,\n                and runs the callback on each element of the array.\n                forEach does not return anything.",
            "fullFile": "/Users/derese/Documents/webprojects/study/javaScriptTheHardParts/test/test.js",
            "file": "/test/test.js",
            "beforeHooks": [],
            "afterHooks": [],
            "tests": [
              {
                "title": "input of [a,b,c,d] should be 'abcd'",
                "fullTitle": "CallBack and High Order Functions Challange 4:The function forEach takes an array and a callback,\n                and runs the callback on each element of the array.\n                forEach does not return anything. input of [a,b,c,d] should be 'abcd'",
                "timedOut": false,
                "duration": 0,
                "state": "passed",
                "speed": "fast",
                "pass": true,
                "fail": false,
                "pending": false,
                "code": "//Arrange\nvar param = ['a', 'b', 'c', 'd'];\nvar result = \"\";\nvar cb = function cb(val) {\n  result = result + val;\n}; //Act\n\n(0, _callBackAndHighOrderFunctions.forEach)(param, cb); //ASSERT\nexpect(result).to.be.equal('abcd');",
                "err": {},
                "isRoot": false,
                "uuid": "e47ae32d-88b4-4547-9c00-d449c1823a95",
                "isHook": false,
                "skipped": false
              }
            ],
            "suites": [],
            "passes": [
              "e47ae32d-88b4-4547-9c00-d449c1823a95"
            ],
            "failures": [],
            "pending": [],
            "skipped": [],
            "duration": 0,
            "root": false,
            "rootEmpty": false,
            "_timeout": 2000
          },
          {
            "uuid": "f3a8033b-8d77-4044-b419-85f5485d88b5",
            "title": "Extension 1: rebuild map as mapWith. This time you're going to use\n        forEach inside of mapWith instead of using a for loop.",
            "fullFile": "/Users/derese/Documents/webprojects/study/javaScriptTheHardParts/test/test.js",
            "file": "/test/test.js",
            "beforeHooks": [],
            "afterHooks": [],
            "tests": [
              {
                "title": "result array is a new array",
                "fullTitle": "CallBack and High Order Functions Extension 1: rebuild map as mapWith. This time you're going to use\n        forEach inside of mapWith instead of using a for loop. result array is a new array",
                "timedOut": false,
                "duration": 0,
                "state": "passed",
                "speed": "fast",
                "pass": true,
                "fail": false,
                "pending": false,
                "code": "//ARRANGE\nvar param1 = [];\nvar multiplyByTwo = function multiplyByTwo(num) {\n  num = num * 2;\n}; //ACT\n\nvar result = (0, _callBackAndHighOrderFunctions.mapWith)(param1, multiplyByTwo); //ASSERT\nexpect(result).to.not.equal(param1); // strict equal ; memory reference",
                "err": {},
                "isRoot": false,
                "uuid": "f986a69d-7d22-4258-ac3c-ebbafc4b8f86",
                "isHook": false,
                "skipped": false
              },
              {
                "title": "input of [a,b,c,d] should be abcde when the callback is multiplyByTwo",
                "fullTitle": "CallBack and High Order Functions Extension 1: rebuild map as mapWith. This time you're going to use\n        forEach inside of mapWith instead of using a for loop. input of [a,b,c,d] should be abcde when the callback is multiplyByTwo",
                "timedOut": false,
                "duration": 0,
                "state": "passed",
                "speed": "fast",
                "pass": true,
                "fail": false,
                "pending": false,
                "code": "//ARRANGE\nvar param1 = [{\n  val: 'a'\n}, {\n  val: 'b'\n}, {\n  val: 'c'\n}, {\n  val: 'd'\n}];\nvar cb = function cb(obj) {\n  obj.val = obj.val + 's';\n}; //ACT\n\nvar result = (0, _callBackAndHighOrderFunctions.mapWith)(param1, cb); //ASSERT\nexpect(result).to.eql([{\n  val: 'as'\n}, {\n  val: 'bs'\n}, {\n  val: 'cs'\n}, {\n  val: 'ds'\n}]); // deep equal values",
                "err": {},
                "isRoot": false,
                "uuid": "47d45e57-7bc8-48e8-b104-638fcde596d8",
                "isHook": false,
                "skipped": false
              }
            ],
            "suites": [],
            "passes": [
              "f986a69d-7d22-4258-ac3c-ebbafc4b8f86",
              "47d45e57-7bc8-48e8-b104-638fcde596d8"
            ],
            "failures": [],
            "pending": [],
            "skipped": [],
            "duration": 0,
            "root": false,
            "rootEmpty": false,
            "_timeout": 2000
          },
          {
            "uuid": "20d5f5ee-7fcc-4a22-92e8-dcef4266bd1e",
            "title": "Extension 2 :The function reduce takes an array and reduces the elements to a single value.\n            For example it can sum all the numbers, multiply them,\n            or any operation that you can put into a function.",
            "fullFile": "/Users/derese/Documents/webprojects/study/javaScriptTheHardParts/test/test.js",
            "file": "/test/test.js",
            "beforeHooks": [],
            "afterHooks": [],
            "tests": [
              {
                "title": "must have an initial value",
                "fullTitle": "CallBack and High Order Functions Extension 2 :The function reduce takes an array and reduces the elements to a single value.\n            For example it can sum all the numbers, multiply them,\n            or any operation that you can put into a function. must have an initial value",
                "timedOut": false,
                "duration": 2,
                "state": "passed",
                "speed": "fast",
                "pass": true,
                "fail": false,
                "pending": false,
                "code": "//ARRANGE\nvar arr = [1, 2, 3, 4];\nvar cb = function cb(num) {\n  return num * 2;\n}; //ACT & ASSERT\n\nexpect(function () {\n  return (0, _callBackAndHighOrderFunctions.reduce)(arr, cb);\n}).to.throw(Error, \"initial value not defined\");",
                "err": {},
                "isRoot": false,
                "uuid": "cbab70af-a81c-4774-92ae-47d67ee0b693",
                "isHook": false,
                "skipped": false
              },
              {
                "title": "[1,2,3] should be reduced to 6 by using a sum function",
                "fullTitle": "CallBack and High Order Functions Extension 2 :The function reduce takes an array and reduces the elements to a single value.\n            For example it can sum all the numbers, multiply them,\n            or any operation that you can put into a function. [1,2,3] should be reduced to 6 by using a sum function",
                "timedOut": false,
                "duration": 0,
                "state": "passed",
                "speed": "fast",
                "pass": true,
                "fail": false,
                "pending": false,
                "code": "//ARRANGE\nvar arr = [1, 2, 3];\nvar initialValue = 0;\nvar cb = function cb(a, b) {\n  return a + b;\n}; //ACT\n\nvar result = (0, _callBackAndHighOrderFunctions.reduce)(arr, cb, initialValue); //ASSERT\nexpect(result).to.eql(6);",
                "err": {},
                "isRoot": false,
                "uuid": "3aaa96dc-60d4-4f89-81a5-58ea60941c20",
                "isHook": false,
                "skipped": false
              }
            ],
            "suites": [],
            "passes": [
              "cbab70af-a81c-4774-92ae-47d67ee0b693",
              "3aaa96dc-60d4-4f89-81a5-58ea60941c20"
            ],
            "failures": [],
            "pending": [],
            "skipped": [],
            "duration": 2,
            "root": false,
            "rootEmpty": false,
            "_timeout": 2000
          },
          {
            "uuid": "8e983bf2-fcd1-4685-873d-6617b2000a49",
            "title": "Extension 3 : Construct a function intersection that compares input arrays and returns\n             a new array with elements found in all of the inputs. BONUS: Use reduce!",
            "fullFile": "/Users/derese/Documents/webprojects/study/javaScriptTheHardParts/test/test.js",
            "file": "/test/test.js",
            "beforeHooks": [],
            "afterHooks": [],
            "tests": [
              {
                "title": "Intersection of [1,2,3] , [2,3,4,5] ,[1,3,2,4,5] returns [2,3]",
                "fullTitle": "CallBack and High Order Functions Extension 3 : Construct a function intersection that compares input arrays and returns\n             a new array with elements found in all of the inputs. BONUS: Use reduce! Intersection of [1,2,3] , [2,3,4,5] ,[1,3,2,4,5] returns [2,3]",
                "timedOut": false,
                "duration": 1,
                "state": "passed",
                "speed": "fast",
                "pass": true,
                "fail": false,
                "pending": false,
                "code": "//Arrange\nvar param1 = [1, 2, 3];\nvar param2 = [2, 3, 4, 5];\nvar param3 = [1, 3, 2, 4, 5]; //ACT\nvar arr = (0, _callBackAndHighOrderFunctions.intersection)(param1, param2, param3); //ASSERT\nexpect(arr).to.eql([2, 3]);",
                "err": {},
                "isRoot": false,
                "uuid": "e78d713c-7d81-4e32-b94c-a5d7a6cab198",
                "isHook": false,
                "skipped": false
              }
            ],
            "suites": [],
            "passes": [
              "e78d713c-7d81-4e32-b94c-a5d7a6cab198"
            ],
            "failures": [],
            "pending": [],
            "skipped": [],
            "duration": 1,
            "root": false,
            "rootEmpty": false,
            "_timeout": 2000
          },
          {
            "uuid": "89b6afec-10db-420b-9ca3-efd66d41bc6f",
            "title": "Extension 4: Construct a function union that compares input arrays and returns a new array that contains all elements.\n              If there are duplicate elements, only add it once to the new array.\n              Preserve the order of the elements starting from the first element of the first input array. BONUS: Use reduce!",
            "fullFile": "/Users/derese/Documents/webprojects/study/javaScriptTheHardParts/test/test.js",
            "file": "/test/test.js",
            "beforeHooks": [],
            "afterHooks": [],
            "tests": [
              {
                "title": "returned array should be a new array",
                "fullTitle": "CallBack and High Order Functions Extension 4: Construct a function union that compares input arrays and returns a new array that contains all elements.\n              If there are duplicate elements, only add it once to the new array.\n              Preserve the order of the elements starting from the first element of the first input array. BONUS: Use reduce! returned array should be a new array",
                "timedOut": false,
                "duration": 1,
                "state": "passed",
                "speed": "fast",
                "pass": true,
                "fail": false,
                "pending": false,
                "code": "//Arrage\nvar param1 = []; //ACT\nvar result = (0, _callBackAndHighOrderFunctions.union)(param1); //ASSERt\nexpect(param1).to.not.equal(result);",
                "err": {},
                "isRoot": false,
                "uuid": "3835147a-eb7b-49b3-afbf-5b983b930932",
                "isHook": false,
                "skipped": false
              },
              {
                "title": "union of [1,2,3],[2,3,4,5] and [0,2,3] should equal [1,2,3,4,5]",
                "fullTitle": "CallBack and High Order Functions Extension 4: Construct a function union that compares input arrays and returns a new array that contains all elements.\n              If there are duplicate elements, only add it once to the new array.\n              Preserve the order of the elements starting from the first element of the first input array. BONUS: Use reduce! union of [1,2,3],[2,3,4,5] and [0,2,3] should equal [1,2,3,4,5]",
                "timedOut": false,
                "duration": 0,
                "state": "passed",
                "speed": "fast",
                "pass": true,
                "fail": false,
                "pending": false,
                "code": "//Arrage\nvar param1 = [1, 2, 3];\nvar param2 = [2, 0, 3, 4, 5];\nvar param3 = [0, 2, 3]; //ACT\nvar result = (0, _callBackAndHighOrderFunctions.union)(param1, param2, param3); //ASSERT\nexpect(result).to.be.eql([1, 2, 3, 0, 4, 5]);",
                "err": {},
                "isRoot": false,
                "uuid": "fdc6cfe8-42b9-4771-90b9-f967a40c575d",
                "isHook": false,
                "skipped": false
              },
              {
                "title": "preservers order of the input element arrays; starting from the first element of the first input array",
                "fullTitle": "CallBack and High Order Functions Extension 4: Construct a function union that compares input arrays and returns a new array that contains all elements.\n              If there are duplicate elements, only add it once to the new array.\n              Preserve the order of the elements starting from the first element of the first input array. BONUS: Use reduce! preservers order of the input element arrays; starting from the first element of the first input array",
                "timedOut": false,
                "duration": 0,
                "state": "passed",
                "speed": "fast",
                "pass": true,
                "fail": false,
                "pending": false,
                "code": "//Arrage\nvar param1 = [1, 4, 4];\nvar param2 = [3, 4, 5, 0]; //ACT\nvar result = (0, _callBackAndHighOrderFunctions.union)(param1, param2); //ASSERT\nexpect(result).to.be.eql([1, 4, 3, 5, 0]);",
                "err": {},
                "isRoot": false,
                "uuid": "9f4568af-1d5a-4631-b353-63ef0ad9842f",
                "isHook": false,
                "skipped": false
              },
              {
                "title": "contains no duplicate elements",
                "fullTitle": "CallBack and High Order Functions Extension 4: Construct a function union that compares input arrays and returns a new array that contains all elements.\n              If there are duplicate elements, only add it once to the new array.\n              Preserve the order of the elements starting from the first element of the first input array. BONUS: Use reduce! contains no duplicate elements",
                "timedOut": false,
                "duration": 0,
                "state": "passed",
                "speed": "fast",
                "pass": true,
                "fail": false,
                "pending": false,
                "code": "//Arrange\nvar param1 = [1, 4, 4];\nvar param2 = [2, 4]; //ACT\nvar result = (0, _callBackAndHighOrderFunctions.union)(param1, param2); //ASSERT\nexpect(result).to.be.eql([1, 4, 2]);",
                "err": {},
                "isRoot": false,
                "uuid": "d0ebf396-c956-4703-aa88-55b36177f884",
                "isHook": false,
                "skipped": false
              }
            ],
            "suites": [],
            "passes": [
              "3835147a-eb7b-49b3-afbf-5b983b930932",
              "fdc6cfe8-42b9-4771-90b9-f967a40c575d",
              "9f4568af-1d5a-4631-b353-63ef0ad9842f",
              "d0ebf396-c956-4703-aa88-55b36177f884"
            ],
            "failures": [],
            "pending": [],
            "skipped": [],
            "duration": 1,
            "root": false,
            "rootEmpty": false,
            "_timeout": 2000
          },
          {
            "uuid": "9a5c433f-982d-40be-9db0-36fdf1ad9872",
            "title": "Extension 5 :A Function objOfMatches accepts two arrays and a callback.\n             objOfMatches will build an object and return it. To build the object, objOfMatches will\n             test each element of the first array using the callback to see if the output matches the corresponding element (by index)\n              of the second array. If there is a match, the element from the first array becomes a key in an object,\n             and the element from the second array becomes the corresponding value.",
            "fullFile": "/Users/derese/Documents/webprojects/study/javaScriptTheHardParts/test/test.js",
            "file": "/test/test.js",
            "beforeHooks": [],
            "afterHooks": [],
            "tests": [
              {
                "title": " Objectmatches when passed values [hi, howdy,bye,later,hello]} and [HI,Howdy,BYE,LATER,hello]} will return\n                    { hi: 'HI', bye: 'BYE', later: 'LATER' } ",
                "fullTitle": "CallBack and High Order Functions Extension 5 :A Function objOfMatches accepts two arrays and a callback.\n             objOfMatches will build an object and return it. To build the object, objOfMatches will\n             test each element of the first array using the callback to see if the output matches the corresponding element (by index)\n              of the second array. If there is a match, the element from the first array becomes a key in an object,\n             and the element from the second array becomes the corresponding value.  Objectmatches when passed values [hi, howdy,bye,later,hello]} and [HI,Howdy,BYE,LATER,hello]} will return\n                    { hi: 'HI', bye: 'BYE', later: 'LATER' } ",
                "timedOut": false,
                "duration": 0,
                "state": "passed",
                "speed": "fast",
                "pass": true,
                "fail": false,
                "pending": false,
                "code": "//ARRANGE\nvar arr1 = ['hi', 'howdy', 'bye', 'later', 'hello'];\nvar arr2 = ['HI', 'Howdy', 'BYE', 'LATER', 'hello'];\nvar cb = function cb(val, initialValue) {\n  var indexU = arr2.indexOf(val.toUpperCase());\n  if (indexU > -1) {\n    if (indexU > -1 && indexU == arr1.indexOf(val)) {\n      initialValue[val] = arr2[indexU];\n    }\n  }\n  return initialValue;\n}; //ACT\n\nvar result = (0, _callBackAndHighOrderFunctions.objectOfMatches)(arr1, arr2, cb); //ASSERT\nexpect(result).to.eql({\n  hi: 'HI',\n  bye: 'BYE',\n  later: 'LATER'\n});",
                "err": {},
                "isRoot": false,
                "uuid": "d33f249b-772a-47a4-8cb6-d8bd886ce7ca",
                "isHook": false,
                "skipped": false
              }
            ],
            "suites": [],
            "passes": [
              "d33f249b-772a-47a4-8cb6-d8bd886ce7ca"
            ],
            "failures": [],
            "pending": [],
            "skipped": [],
            "duration": 0,
            "root": false,
            "rootEmpty": false,
            "_timeout": 2000
          },
          {
            "uuid": "e0ec826c-a058-49bc-8f8c-40b2b567f9ce",
            "title": "Extension 6: a function multiMap  will accept two arrays: an array of values and an array of callbacks.\n                    multiMap will return an object whose keys match the elements in the array of values.\n                    The corresponding values that are assigned to the keys will be arrays consisting of outputs from the array of callbacks,\n                    where the input to each callback is the key.",
            "fullFile": "/Users/derese/Documents/webprojects/study/javaScriptTheHardParts/test/test.js",
            "file": "/test/test.js",
            "beforeHooks": [],
            "afterHooks": [],
            "tests": [
              {
                "title": "MultipMap(['catfood', 'glue', 'beer'], [function(str) { return str.toUpperCase(); }, function(str) { return str[0].toUpperCase() + str.slice(1).toLowerCase(); }, function(str) { return str + str; }])\n                        should return { catfood: ['CATFOOD', 'Catfood', 'catfoodcatfood'], glue: ['GLUE', 'Glue', 'glueglue'], beer: ['BEER', 'Beer', 'beerbeer'] }",
                "fullTitle": "CallBack and High Order Functions Extension 6: a function multiMap  will accept two arrays: an array of values and an array of callbacks.\n                    multiMap will return an object whose keys match the elements in the array of values.\n                    The corresponding values that are assigned to the keys will be arrays consisting of outputs from the array of callbacks,\n                    where the input to each callback is the key. MultipMap(['catfood', 'glue', 'beer'], [function(str) { return str.toUpperCase(); }, function(str) { return str[0].toUpperCase() + str.slice(1).toLowerCase(); }, function(str) { return str + str; }])\n                        should return { catfood: ['CATFOOD', 'Catfood', 'catfoodcatfood'], glue: ['GLUE', 'Glue', 'glueglue'], beer: ['BEER', 'Beer', 'beerbeer'] }",
                "timedOut": false,
                "duration": 1,
                "state": "passed",
                "speed": "fast",
                "pass": true,
                "fail": false,
                "pending": false,
                "code": "//ARRANGE\nvar arr1 = ['catfood', 'glue', 'beer'];\nvar arr2 = [function (str) {\n  return str.toUpperCase();\n}, function (str) {\n  return str[0].toUpperCase() + str.slice(1).toLowerCase();\n}, function (str) {\n  return str + str;\n}]; //ACT\nvar result = (0, _callBackAndHighOrderFunctions.multiMap)(arr1, arr2); //ASSERT\nexpect(result).to.eql({\n  catfood: ['CATFOOD', 'Catfood', 'catfoodcatfood'],\n  glue: ['GLUE', 'Glue', 'glueglue'],\n  beer: ['BEER', 'Beer', 'beerbeer']\n});",
                "err": {},
                "isRoot": false,
                "uuid": "838ec76e-3cf5-4641-a9a6-1c95971c1c34",
                "isHook": false,
                "skipped": false
              }
            ],
            "suites": [],
            "passes": [
              "838ec76e-3cf5-4641-a9a6-1c95971c1c34"
            ],
            "failures": [],
            "pending": [],
            "skipped": [],
            "duration": 1,
            "root": false,
            "rootEmpty": false,
            "_timeout": 2000
          }
        ],
        "passes": [],
        "failures": [],
        "pending": [],
        "skipped": [],
        "duration": 0,
        "root": false,
        "rootEmpty": false,
        "_timeout": 2000
      },
      {
        "uuid": "29f38701-e739-4a2c-b5a1-9c4617559d56",
        "title": "Clousers, Scope and Execution Contenxt",
        "fullFile": "/Users/derese/Documents/webprojects/study/javaScriptTheHardParts/test/test.js",
        "file": "/test/test.js",
        "beforeHooks": [],
        "afterHooks": [],
        "tests": [],
        "suites": [
          {
            "uuid": "9cd65a3b-47f5-4c6c-8107-6c488419b65f",
            "title": "Create a function createFunction that creates and returns a function.\n              When that created function is called, it should print \"hello\".",
            "fullFile": "/Users/derese/Documents/webprojects/study/javaScriptTheHardParts/test/test.js",
            "file": "/test/test.js",
            "beforeHooks": [],
            "afterHooks": [],
            "tests": [
              {
                "title": "prints hello",
                "fullTitle": "Clousers, Scope and Execution Contenxt Create a function createFunction that creates and returns a function.\n              When that created function is called, it should print \"hello\". prints hello",
                "timedOut": false,
                "duration": 0,
                "state": "passed",
                "speed": "fast",
                "pass": true,
                "fail": false,
                "pending": false,
                "code": "//ARRANGE\nvar fun = (0, _ClosuresScopeAndExecutionContext.createFunction)(); //ACT\nexpect(fun()).to.eql('hello'); //ASERT",
                "err": {},
                "isRoot": false,
                "uuid": "5577114a-e127-4e7a-9f49-4e2d0bdb1d28",
                "isHook": false,
                "skipped": false
              }
            ],
            "suites": [],
            "passes": [
              "5577114a-e127-4e7a-9f49-4e2d0bdb1d28"
            ],
            "failures": [],
            "pending": [],
            "skipped": [],
            "duration": 0,
            "root": false,
            "rootEmpty": false,
            "_timeout": 2000
          }
        ],
        "passes": [],
        "failures": [],
        "pending": [],
        "skipped": [],
        "duration": 0,
        "root": false,
        "rootEmpty": false,
        "_timeout": 2000
      }
    ],
    "passes": [],
    "failures": [],
    "pending": [],
    "skipped": [],
    "duration": 0,
    "root": true,
    "rootEmpty": true,
    "_timeout": 2000
  },
  "copyrightYear": 2018
}