TN:
SF:/Users/derese/Documents/webprojects/study/javaScriptTheHardParts/build/CallBack and High Order Functions.js
FN:9,_classCallCheck
FN:11,_defineProperties
FN:13,_createClass
FN:18,addTwo
FN:28,(anonymous_4)
FN:29,challangeOne
FN:35,addThree
FNF:7
FNH:0
FNDA:0,_classCallCheck
FNDA:0,_defineProperties
FNDA:0,_createClass
FNDA:0,addTwo
FNDA:0,(anonymous_4)
FNDA:0,challangeOne
FNDA:0,addThree
DA:3,0
DA:6,0
DA:7,0
DA:9,0
DA:11,0
DA:13,0
DA:19,0
DA:23,0
DA:24,0
DA:28,0
DA:30,0
DA:33,0
DA:36,0
DA:40,0
DA:43,0
LF:15
LH:0
BRDA:9,0,0,0
BRDA:9,0,1,0
BRDA:11,1,0,0
BRDA:11,1,1,0
BRDA:11,2,0,0
BRDA:11,2,1,0
BRDA:13,3,0,0
BRDA:13,3,1,0
BRDA:13,4,0,0
BRDA:13,4,1,0
BRF:10
BRH:0
end_of_record
TN:
SF:/Users/derese/Documents/webprojects/study/javaScriptTheHardParts/build/Closures Scope and Execution Context.js
FNF:0
FNH:0
LF:0
LH:0
BRF:0
BRH:0
end_of_record
TN:
SF:/Users/derese/Documents/webprojects/study/javaScriptTheHardParts/build/callBackAndHighOrderFunctions.js
FN:20,addTwo
FN:24,addS
FN:28,map
FN:57,forEach
FN:85,mapWith
FN:91,reduce
FN:121,intersection
FN:149,cb
FN:162,union
FN:188,cb
FN:197,objectOfMatches
FN:202,multiMap
FNF:12
FNH:0
FNDA:0,addTwo
FNDA:0,addS
FNDA:0,map
FNDA:0,forEach
FNDA:0,mapWith
FNDA:0,reduce
FNDA:0,intersection
FNDA:0,cb
FNDA:0,union
FNDA:0,cb
FNDA:0,objectOfMatches
FNDA:0,multiMap
DA:3,0
DA:6,0
DA:7,0
DA:8,0
DA:9,0
DA:10,0
DA:11,0
DA:12,0
DA:13,0
DA:14,0
DA:15,0
DA:21,0
DA:25,0
DA:29,0
DA:30,0
DA:31,0
DA:32,0
DA:34,0
DA:35,0
DA:36,0
DA:37,0
DA:40,0
DA:41,0
DA:43,0
DA:44,0
DA:45,0
DA:48,0
DA:49,0
DA:54,0
DA:58,0
DA:59,0
DA:60,0
DA:62,0
DA:63,0
DA:64,0
DA:65,0
DA:68,0
DA:69,0
DA:71,0
DA:72,0
DA:73,0
DA:76,0
DA:77,0
DA:86,0
DA:87,0
DA:88,0
DA:92,0
DA:93,0
DA:94,0
DA:95,0
DA:97,0
DA:98,0
DA:99,0
DA:100,0
DA:103,0
DA:104,0
DA:106,0
DA:107,0
DA:108,0
DA:111,0
DA:112,0
DA:117,0
DA:122,0
DA:123,0
DA:124,0
DA:125,0
DA:126,0
DA:127,0
DA:129,0
DA:130,0
DA:131,0
DA:132,0
DA:135,0
DA:136,0
DA:138,0
DA:139,0
DA:140,0
DA:143,0
DA:144,0
DA:149,0
DA:151,0
DA:152,0
DA:155,0
DA:156,0
DA:159,0
DA:163,0
DA:164,0
DA:165,0
DA:166,0
DA:168,0
DA:169,0
DA:170,0
DA:171,0
DA:174,0
DA:175,0
DA:177,0
DA:178,0
DA:179,0
DA:182,0
DA:183,0
DA:188,0
DA:189,0
DA:190,0
DA:191,0
DA:194,0
DA:198,0
DA:199,0
DA:203,0
LF:108
LH:0
BRDA:44,0,0,0
BRDA:44,0,1,0
BRDA:44,1,0,0
BRDA:44,1,1,0
BRDA:48,2,0,0
BRDA:48,2,1,0
BRDA:72,3,0,0
BRDA:72,3,1,0
BRDA:72,4,0,0
BRDA:72,4,1,0
BRDA:76,5,0,0
BRDA:76,5,1,0
BRDA:92,6,0,0
BRDA:92,6,1,0
BRDA:107,7,0,0
BRDA:107,7,1,0
BRDA:107,8,0,0
BRDA:107,8,1,0
BRDA:111,9,0,0
BRDA:111,9,1,0
BRDA:139,10,0,0
BRDA:139,10,1,0
BRDA:139,11,0,0
BRDA:139,11,1,0
BRDA:143,12,0,0
BRDA:143,12,1,0
BRDA:155,13,0,0
BRDA:155,13,1,0
BRDA:178,14,0,0
BRDA:178,14,1,0
BRDA:178,15,0,0
BRDA:178,15,1,0
BRDA:182,16,0,0
BRDA:182,16,1,0
BRDA:190,17,0,0
BRDA:190,17,1,0
BRF:36
BRH:0
end_of_record
TN:
SF:/Users/derese/Documents/webprojects/study/javaScriptTheHardParts/build/index.js
FN:6,(anonymous_0)
FNF:1
FNH:0
FNDA:0,(anonymous_0)
DA:3,0
DA:6,0
DA:7,0
DA:8,0
LF:4
LH:0
BRF:0
BRH:0
end_of_record
TN:
SF:/Users/derese/Documents/webprojects/study/javaScriptTheHardParts/src/Closures Scope and Execution Context.js
FNF:0
FNH:0
LF:0
LH:0
BRF:0
BRH:0
end_of_record
TN:
SF:/Users/derese/Documents/webprojects/study/javaScriptTheHardParts/src/callBackAndHighOrderFunctions.js
FN:5,addTwo
FN:9,addS
FN:13,map
FN:30,mapWith
FN:36,reduce
FN:49,intersection
FN:58,cb
FN:74,union
FN:81,cb
FN:91,objectOfMatches
FN:96,multiMap
FNF:11
FNH:10
FNDA:1,addTwo
FNDA:1,addS
FNDA:2,map
FNDA:2,mapWith
FNDA:8,reduce
FNDA:1,intersection
FNDA:12,cb
FNDA:4,union
FNDA:23,cb
FNDA:1,objectOfMatches
FNDA:0,multiMap
DA:6,1
DA:10,1
DA:13,14
DA:14,2
DA:15,5
DA:16,5
DA:18,2
DA:21,21
DA:22,8
DA:23,8
DA:31,2
DA:32,2
DA:33,2
DA:37,8
DA:38,1
DA:39,49
DA:40,43
DA:41,43
DA:43,7
DA:49,7
DA:50,1
DA:51,1
DA:52,1
DA:54,3
DA:55,3
DA:58,1
DA:60,12
DA:61,24
DA:64,12
DA:65,2
DA:67,12
DA:70,1
DA:74,28
DA:75,4
DA:77,8
DA:78,8
DA:81,4
DA:82,23
DA:83,23
DA:84,14
DA:85,23
DA:88,4
DA:92,1
DA:93,1
DA:97,0
LF:45
LH:44
BRDA:13,0,0,2
BRDA:13,0,1,4
BRDA:21,1,0,3
BRDA:21,1,1,6
BRDA:37,2,0,1
BRDA:37,2,1,7
BRDA:39,3,0,7
BRDA:39,3,1,14
BRDA:49,4,0,1
BRDA:49,4,1,2
BRDA:64,5,0,2
BRDA:64,5,1,10
BRDA:74,6,0,4
BRDA:74,6,1,8
BRDA:83,7,0,14
BRDA:83,7,1,9
BRF:16
BRH:16
end_of_record
