TN:
SF:/Users/derese/Documents/webprojects/study/javaScriptTheHardParts/build/CallBack and High Order Functions.js
FN:9,_classCallCheck
FN:11,_defineProperties
FN:13,_createClass
FN:18,addTwo
FN:28,(anonymous_4)
FN:29,challangeOne
FN:35,addThree
FNF:7
FNH:0
FNDA:0,_classCallCheck
FNDA:0,_defineProperties
FNDA:0,_createClass
FNDA:0,addTwo
FNDA:0,(anonymous_4)
FNDA:0,challangeOne
FNDA:0,addThree
DA:3,0
DA:6,0
DA:7,0
DA:9,0
DA:11,0
DA:13,0
DA:19,0
DA:23,0
DA:24,0
DA:28,0
DA:30,0
DA:33,0
DA:36,0
DA:40,0
DA:43,0
LF:15
LH:0
BRDA:9,0,0,0
BRDA:9,0,1,0
BRDA:11,1,0,0
BRDA:11,1,1,0
BRDA:11,2,0,0
BRDA:11,2,1,0
BRDA:13,3,0,0
BRDA:13,3,1,0
BRDA:13,4,0,0
BRDA:13,4,1,0
BRF:10
BRH:0
end_of_record
TN:
SF:/Users/derese/Documents/webprojects/study/javaScriptTheHardParts/build/Closures Scope and Execution Context.js
FNF:0
FNH:0
LF:0
LH:0
BRF:0
BRH:0
end_of_record
TN:
SF:/Users/derese/Documents/webprojects/study/javaScriptTheHardParts/build/index.js
FNF:0
FNH:0
LF:0
LH:0
BRF:0
BRH:0
end_of_record
TN:
SF:/Users/derese/Documents/webprojects/study/javaScriptTheHardParts/src/CallBack and High Order Functions.js
FN:5,addTwo
FN:16,(anonymous_1)
FNF:2
FNH:0
FNDA:0,addTwo
FNDA:0,(anonymous_1)
DA:6,0
DA:10,0
DA:11,0
DA:17,0
LF:4
LH:0
BRF:0
BRH:0
end_of_record
TN:
SF:/Users/derese/Documents/webprojects/study/javaScriptTheHardParts/src/Closures Scope and Execution Context.js
FNF:0
FNH:0
LF:0
LH:0
BRF:0
BRH:0
end_of_record
TN:
SF:/Users/derese/Documents/webprojects/study/javaScriptTheHardParts/src/index.js
FNF:0
FNH:0
LF:0
LH:0
BRF:0
BRH:0
end_of_record
